#
# There is insufficient memory for the Java Runtime Environment to continue.
# Native memory allocation (mmap) failed to map 65536 bytes. Error detail: Failed to commit metaspace.
# Possible reasons:
#   The system is out of physical RAM or swap space
#   This process is running with CompressedOops enabled, and the Java Heap may be blocking the growth of the native heap
# Possible solutions:
#   Reduce memory load on the system
#   Increase physical memory or swap space
#   Check if swap backing store is full
#   Decrease Java heap size (-Xmx/-Xms)
#   Decrease number of Java threads
#   Decrease Java thread stack sizes (-Xss)
#   Set larger code cache with -XX:ReservedCodeCacheSize=
#   JVM is running with Unscaled Compressed Oops mode in which the Java heap is
#     placed in the first 4GB address space. The Java Heap base address is the
#     maximum limit for the native heap growth. Please use -XX:HeapBaseMinAddress
#     to set the Java Heap base and to place the Java Heap above 4GB virtual address.
# This output file may be truncated or incomplete.
#
#  Out of Memory Error (virtualSpaceNode.cpp:110), pid=1072, tid=30496
#
# JRE version: OpenJDK Runtime Environment Microsoft-12574423 (17.0.17+10) (build 17.0.17+10-LTS)
# Java VM: OpenJDK 64-Bit Server VM Microsoft-12574423 (17.0.17+10-LTS, mixed mode, sharing, tiered, compressed oops, compressed class ptrs, g1 gc, windows-amd64)
# No core dump will be written. Minidumps are not enabled by default on client versions of Windows
#

---------------  S U M M A R Y ------------

Command Line: -javaagent:C:\Users\admin\AppData\Local\JetBrains\IntelliJIdea2025.2\captureAgent\debugger-agent.jar=file:///C:/Users/admin/AppData/Local/Temp/capture15972790709591385068.props -ea -Didea.test.cyclic.buffer.size=1048576 -javaagent:C:\Users\admin\Desktop\new intellij\IntelliJ IDEA 2025.2.2\lib\idea_rt.jar=63868 -Dkotlinx.coroutines.debug.enable.creation.stack.trace=false -Ddebugger.agent.enable.coroutines=true -Dkotlinx.coroutines.debug.enable.flows.stack.trace=true -Dkotlinx.coroutines.debug.enable.mutable.state.flows.stack.trace=true -Dfile.encoding=UTF-8 com.intellij.rt.junit.JUnitStarter -ideVersion5 -junit5 @w@C:\Users\admin\AppData\Local\Temp\idea_working_dirs_junit.tmp @C:\Users\admin\AppData\Local\Temp\idea_junit.tmp -socket63867

Host: Intel(R) Core(TM) i5-7300U CPU @ 2.60GHz, 4 cores, 7G,  Windows 10 , 64 bit Build 19041 (10.0.19041.5915)
Time: Sun Mar  8 12:07:31 2026 India Standard Time elapsed time: 0.550820 seconds (0d 0h 0m 0s)

---------------  T H R E A D  ---------------

Current thread (0x000001c03dff1d30):  JavaThread "main" [_thread_in_vm, id=30496, stack(0x0000009195400000,0x0000009195500000)]

Stack: [0x0000009195400000,0x0000009195500000]
Native frames: (J=compiled Java code, j=interpreted, Vv=VM code, C=native code)
V  [jvm.dll+0x68c459]  (no source info available)
V  [jvm.dll+0x845e09]  (no source info available)
V  [jvm.dll+0x847b78]  (no source info available)
V  [jvm.dll+0x848203]  (no source info available)
V  [jvm.dll+0x24cf6f]  (no source info available)
V  [jvm.dll+0x841be7]  (no source info available)
V  [jvm.dll+0x632cbb]  (no source info available)
V  [jvm.dll+0x632d2a]  (no source info available)
V  [jvm.dll+0x635573]  (no source info available)
V  [jvm.dll+0x633676]  (no source info available)
V  [jvm.dll+0x242675]  (no source info available)
V  [jvm.dll+0x1ef1af]  (no source info available)
V  [jvm.dll+0x1e4f61]  (no source info available)
V  [jvm.dll+0x551b19]  (no source info available)
V  [jvm.dll+0x1f59de]  (no source info available)
V  [jvm.dll+0x7bee33]  (no source info available)
V  [jvm.dll+0x7c028d]  (no source info available)
V  [jvm.dll+0x7c05c8]  (no source info available)
V  [jvm.dll+0x244fb2]  (no source info available)
V  [jvm.dll+0x38d64e]  (no source info available)
C  0x000001c04d0ab8ae  (no source info available)

The last pc belongs to new (printed below).
Java frames: (J=compiled Java code, j=interpreted, Vv=VM code)
j  com.intellij.rt.debugger.agent.CaptureStorage.getAsyncStackTrace(Ljava/lang/Throwable;)[Ljava/lang/StackTraceElement;+11
j  java.lang.Throwable.printStackTrace(Ljava/lang/Throwable$PrintStreamOrWriter;)V+32 java.base@17.0.17
j  java.lang.Throwable.printStackTrace(Ljava/io/PrintStream;)V+9 java.base@17.0.17
j  java.lang.ThreadGroup.uncaughtException(Ljava/lang/Thread;Ljava/lang/Throwable;)V+82 java.base@17.0.17
j  java.lang.ThreadGroup.uncaughtException(Ljava/lang/Thread;Ljava/lang/Throwable;)V+13 java.base@17.0.17
j  java.lang.Thread.dispatchUncaughtException(Ljava/lang/Throwable;)V+6 java.base@17.0.17
v  ~StubRoutines::call_stub
new  187 new  [0x000001c04d0ab720, 0x000001c04d0ab940]  544 bytes
[MachCode]
  0x000001c04d0ab720: 4883 ec08 | c5fa 1104 | 24eb 1f48 | 83ec 10c5 | fb11 0424 | eb14 4883 | ec10 4889 | 0424 48c7 
  0x000001c04d0ab740: 4424 0800 | 0000 00eb | 0150 410f | b755 010f | cac1 ea10 | 488b 4de8 | 488b 4908 | 488b 4908 
  0x000001c04d0ab760: 488b 4108 | 807c 1004 | 070f 85df | 0000 0066 | 8b54 d148 | 488b 4928 | 488b 4cd1 | 0851 80b9 
  0x000001c04d0ab780: 3301 0000 | 040f 85c2 | 0000 008b | 5108 f7c2 | 0100 0000 | 0f85 b300 | 0000 498b | 8708 0100 
  0x000001c04d0ab7a0: 0048 8d1c | 1049 3b9f | 1801 0000 | 0f87 9b00 | 0000 4989 | 9f08 0100 | 00e9 0000 | 0000 4883 
  0x000001c04d0ab7c0: ea10 0f84 | 0f00 0000 | 33c9 c1ea | 0348 894c | d008 48ff | ca75 f648 | c700 0100 | 0000 5933 
  0x000001c04d0ab7e0: f689 700c | 49ba 0000 | 005c c001 | 0000 492b | ca89 4808 | 49ba a8b8 | 82fc fc7f | 0000 4180 
  0x000001c04d0ab800: 3a00 0f84 | 4000 0000 | 5048 8bc8 | 4883 ec20 | f7c4 0f00 | 0000 0f84 | 1a00 0000 | 4883 ec08 
  0x000001c04d0ab820: 49ba d051 | 38fc fc7f | 0000 41ff | d248 83c4 | 08e9 0d00 | 0000 49ba | d051 38fc | fc7f 0000 
  0x000001c04d0ab840: 41ff d248 | 83c4 2058 | e9cd 0000 | 0059 488b | 55e8 488b | 5208 488b | 5208 450f | b745 0141 
  0x000001c04d0ab860: 0fc8 41c1 | e810 e805 | 0000 00e9 | aa00 0000 | 488d 4424 | 084c 896d | c049 8bcf | c5f8 7749 
  0x000001c04d0ab880: 89af b002 | 0000 4989 | 87a0 0200 | 0048 83ec | 20f7 c40f | 0000 000f | 841a 0000 | 0048 83ec 
  0x000001c04d0ab8a0: 0849 ba00 | d601 fcfc | 7f00 0041 | ffd2 4883 | c408 e90d | 0000 0049 | ba00 d601 | fcfc 7f00 
  0x000001c04d0ab8c0: 0041 ffd2 | 4883 c420 | 49c7 87a0 | 0200 0000 | 0000 0049 | c787 b002 | 0000 0000 | 0000 49c7 
  0x000001c04d0ab8e0: 87a8 0200 | 0000 0000 | 00c5 f877 | 4981 7f08 | 0000 0000 | 0f84 0500 | 0000 e901 | 56fe ff49 
  0x000001c04d0ab900: 8b87 f802 | 0000 49c7 | 87f8 0200 | 0000 0000 | 004c 8b6d | c04c 8b75 | c8c3 410f | b65d 0349 
  0x000001c04d0ab920: 83c5 0349 | bae0 2985 | fcfc 7f00 | 0041 ff24 | da0f 1f80 | 0000 0000 | 0000 0000 | 0000 0000 
[/MachCode]

---------------  P R O C E S S  ---------------

Threads class SMR info:
_java_thread_list=0x000001c0a1257980, length=15, elements={
0x000001c03dff1d30, 0x000001c05bb303f0, 0x000001c05bb31920, 0x000001c05bb43a70,
0x000001c05bb46750, 0x000001c05bb477c0, 0x000001c05bb48830, 0x000001c05bb49c80,
0x000001c05bb4ade0, 0x000001c05bb67d40, 0x000001c05bc59d80, 0x000001c05bd37140,
0x000001c05bf56a10, 0x000001c05bf5bca0, 0x000001c0a12571a0
}

Java Threads: ( => current thread )
=>0x000001c03dff1d30 JavaThread "main" [_thread_in_vm, id=30496, stack(0x0000009195400000,0x0000009195500000)]
  0x000001c05bb303f0 JavaThread "Reference Handler" daemon [_thread_blocked, id=22120, stack(0x0000009195b00000,0x0000009195c00000)]
  0x000001c05bb31920 JavaThread "Finalizer" daemon [_thread_blocked, id=23888, stack(0x0000009195c00000,0x0000009195d00000)]
  0x000001c05bb43a70 JavaThread "Signal Dispatcher" daemon [_thread_blocked, id=17820, stack(0x0000009195d00000,0x0000009195e00000)]
  0x000001c05bb46750 JavaThread "Attach Listener" daemon [_thread_blocked, id=11680, stack(0x0000009195e00000,0x0000009195f00000)]
  0x000001c05bb477c0 JavaThread "Service Thread" daemon [_thread_blocked, id=22972, stack(0x0000009195f00000,0x0000009196000000)]
  0x000001c05bb48830 JavaThread "Monitor Deflation Thread" daemon [_thread_blocked, id=17728, stack(0x0000009196000000,0x0000009196100000)]
  0x000001c05bb49c80 JavaThread "C2 CompilerThread0" daemon [_thread_blocked, id=21900, stack(0x0000009196100000,0x0000009196200000)]
  0x000001c05bb4ade0 JavaThread "C1 CompilerThread0" daemon [_thread_blocked, id=15472, stack(0x0000009196200000,0x0000009196300000)]
  0x000001c05bb67d40 JavaThread "Sweeper thread" daemon [_thread_blocked, id=14012, stack(0x0000009196300000,0x0000009196400000)]
  0x000001c05bc59d80 JavaThread "Common-Cleaner" daemon [_thread_blocked, id=19324, stack(0x0000009196400000,0x0000009196500000)]
  0x000001c05bd37140 JavaThread "IntelliJ Suspend Helper" daemon [_thread_blocked, id=21064, stack(0x0000009196500000,0x0000009196600000)]
  0x000001c05bf56a10 JavaThread "Monitor Ctrl-Break" daemon [_thread_in_native, id=29700, stack(0x0000009196600000,0x0000009196700000)]
  0x000001c05bf5bca0 JavaThread "Notification Thread" daemon [_thread_blocked, id=26744, stack(0x0000009196700000,0x0000009196800000)]
  0x000001c0a12571a0 JavaThread "C2 CompilerThread1" daemon [_thread_blocked, id=32460, stack(0x0000009196900000,0x0000009196a00000)]

Other Threads:
  0x000001c05bb2bde0 VMThread "VM Thread" [stack: 0x0000009195a00000,0x0000009195b00000] [id=22372]
  0x000001c05bf25830 WatcherThread [stack: 0x0000009196800000,0x0000009196900000] [id=12876]
  0x000001c03e008670 GCTaskThread "GC Thread#0" [stack: 0x0000009195500000,0x0000009195600000] [id=21312]
  0x000001c03e05c940 ConcurrentGCThread "G1 Main Marker" [stack: 0x0000009195600000,0x0000009195700000] [id=2300]
  0x000001c03e05d170 ConcurrentGCThread "G1 Conc#0" [stack: 0x0000009195700000,0x0000009195800000] [id=22004]
  0x000001c03e09d500 ConcurrentGCThread "G1 Refine#0" [stack: 0x0000009195800000,0x0000009195900000] [id=30452]
  0x000001c03e09de50 ConcurrentGCThread "G1 Service" [stack: 0x0000009195900000,0x0000009195a00000] [id=25036]

Threads with active compile tasks:

VM state: not at safepoint (normal execution)

VM Mutex/Monitor currently owned by a thread:  ([mutex/lock_event])
[0x000001c03dfec810] Metaspace_lock - owner thread: 0x000001c03dff1d30

OutOfMemory and StackOverflow Exception counts:
OutOfMemoryError java_heap_errors=1
LinkageErrors=3

Heap address: 0x0000000081e00000, size: 2018 MB, Compressed Oops mode: 32-bit

CDS archive(s) mapped at: [0x000001c05c000000-0x000001c05cbb0000-0x000001c05cbb0000), size 12255232, SharedBaseAddress: 0x000001c05c000000, ArchiveRelocationMode: 1.
Compressed class space mapped at: 0x000001c05d000000-0x000001c09d000000, reserved size: 1073741824
Narrow klass base: 0x000001c05c000000, Narrow klass shift: 0, Narrow klass range: 0x100000000

GC Precious Log:
 CPUs: 4 total, 4 available
 Memory: 8070M
 Large Page Support: Disabled
 NUMA Support: Disabled
 Compressed Oops: Enabled (32-bit)
 Heap Region Size: 1M
 Heap Min Capacity: 8M
 Heap Initial Capacity: 128M
 Heap Max Capacity: 2018M
 Pre-touch: Disabled
 Parallel Workers: 4
 Concurrent Workers: 1
 Concurrent Refinement Workers: 4
 Periodic GC: Disabled

Heap:
 garbage-first heap   total 131072K, used 6144K [0x0000000081e00000, 0x0000000100000000)
  region size 1024K, 7 young (7168K), 0 survivors (0K)
 Metaspace       used 2836K, committed 2944K, reserved 1114112K
  class space    used 237K, committed 320K, reserved 1048576K

Heap Regions: E=young(eden), S=young(survivor), O=old, HS=humongous(starts), HC=humongous(continues), CS=collection set, F=free, OA=open archive, CA=closed archive, TAMS=top-at-mark-start (previous, next)
|   0|0x0000000081e00000, 0x0000000081e00000, 0x0000000081f00000|  0%| F|  |TAMS 0x0000000081e00000, 0x0000000081e00000| Untracked 
|   1|0x0000000081f00000, 0x0000000081f00000, 0x0000000082000000|  0%| F|  |TAMS 0x0000000081f00000, 0x0000000081f00000| Untracked 
|   2|0x0000000082000000, 0x0000000082000000, 0x0000000082100000|  0%| F|  |TAMS 0x0000000082000000, 0x0000000082000000| Untracked 
|   3|0x0000000082100000, 0x0000000082100000, 0x0000000082200000|  0%| F|  |TAMS 0x0000000082100000, 0x0000000082100000| Untracked 
|   4|0x0000000082200000, 0x0000000082200000, 0x0000000082300000|  0%| F|  |TAMS 0x0000000082200000, 0x0000000082200000| Untracked 
|   5|0x0000000082300000, 0x0000000082300000, 0x0000000082400000|  0%| F|  |TAMS 0x0000000082300000, 0x0000000082300000| Untracked 
|   6|0x0000000082400000, 0x0000000082400000, 0x0000000082500000|  0%| F|  |TAMS 0x0000000082400000, 0x0000000082400000| Untracked 
|   7|0x0000000082500000, 0x0000000082500000, 0x0000000082600000|  0%| F|  |TAMS 0x0000000082500000, 0x0000000082500000| Untracked 
|   8|0x0000000082600000, 0x0000000082600000, 0x0000000082700000|  0%| F|  |TAMS 0x0000000082600000, 0x0000000082600000| Untracked 
|   9|0x0000000082700000, 0x0000000082700000, 0x0000000082800000|  0%| F|  |TAMS 0x0000000082700000, 0x0000000082700000| Untracked 
|  10|0x0000000082800000, 0x0000000082800000, 0x0000000082900000|  0%| F|  |TAMS 0x0000000082800000, 0x0000000082800000| Untracked 
|  11|0x0000000082900000, 0x0000000082900000, 0x0000000082a00000|  0%| F|  |TAMS 0x0000000082900000, 0x0000000082900000| Untracked 
|  12|0x0000000082a00000, 0x0000000082a00000, 0x0000000082b00000|  0%| F|  |TAMS 0x0000000082a00000, 0x0000000082a00000| Untracked 
|  13|0x0000000082b00000, 0x0000000082b00000, 0x0000000082c00000|  0%| F|  |TAMS 0x0000000082b00000, 0x0000000082b00000| Untracked 
|  14|0x0000000082c00000, 0x0000000082c00000, 0x0000000082d00000|  0%| F|  |TAMS 0x0000000082c00000, 0x0000000082c00000| Untracked 
|  15|0x0000000082d00000, 0x0000000082d00000, 0x0000000082e00000|  0%| F|  |TAMS 0x0000000082d00000, 0x0000000082d00000| Untracked 
|  16|0x0000000082e00000, 0x0000000082e00000, 0x0000000082f00000|  0%| F|  |TAMS 0x0000000082e00000, 0x0000000082e00000| Untracked 
|  17|0x0000000082f00000, 0x0000000082f00000, 0x0000000083000000|  0%| F|  |TAMS 0x0000000082f00000, 0x0000000082f00000| Untracked 
|  18|0x0000000083000000, 0x0000000083000000, 0x0000000083100000|  0%| F|  |TAMS 0x0000000083000000, 0x0000000083000000| Untracked 
|  19|0x0000000083100000, 0x0000000083100000, 0x0000000083200000|  0%| F|  |TAMS 0x0000000083100000, 0x0000000083100000| Untracked 
|  20|0x0000000083200000, 0x0000000083200000, 0x0000000083300000|  0%| F|  |TAMS 0x0000000083200000, 0x0000000083200000| Untracked 
|  21|0x0000000083300000, 0x0000000083300000, 0x0000000083400000|  0%| F|  |TAMS 0x0000000083300000, 0x0000000083300000| Untracked 
|  22|0x0000000083400000, 0x0000000083400000, 0x0000000083500000|  0%| F|  |TAMS 0x0000000083400000, 0x0000000083400000| Untracked 
|  23|0x0000000083500000, 0x0000000083500000, 0x0000000083600000|  0%| F|  |TAMS 0x0000000083500000, 0x0000000083500000| Untracked 
|  24|0x0000000083600000, 0x0000000083600000, 0x0000000083700000|  0%| F|  |TAMS 0x0000000083600000, 0x0000000083600000| Untracked 
|  25|0x0000000083700000, 0x0000000083700000, 0x0000000083800000|  0%| F|  |TAMS 0x0000000083700000, 0x0000000083700000| Untracked 
|  26|0x0000000083800000, 0x0000000083800000, 0x0000000083900000|  0%| F|  |TAMS 0x0000000083800000, 0x0000000083800000| Untracked 
|  27|0x0000000083900000, 0x0000000083900000, 0x0000000083a00000|  0%| F|  |TAMS 0x0000000083900000, 0x0000000083900000| Untracked 
|  28|0x0000000083a00000, 0x0000000083a00000, 0x0000000083b00000|  0%| F|  |TAMS 0x0000000083a00000, 0x0000000083a00000| Untracked 
|  29|0x0000000083b00000, 0x0000000083b00000, 0x0000000083c00000|  0%| F|  |TAMS 0x0000000083b00000, 0x0000000083b00000| Untracked 
|  30|0x0000000083c00000, 0x0000000083c00000, 0x0000000083d00000|  0%| F|  |TAMS 0x0000000083c00000, 0x0000000083c00000| Untracked 
|  31|0x0000000083d00000, 0x0000000083d00000, 0x0000000083e00000|  0%| F|  |TAMS 0x0000000083d00000, 0x0000000083d00000| Untracked 
|  32|0x0000000083e00000, 0x0000000083e00000, 0x0000000083f00000|  0%| F|  |TAMS 0x0000000083e00000, 0x0000000083e00000| Untracked 
|  33|0x0000000083f00000, 0x0000000083f00000, 0x0000000084000000|  0%| F|  |TAMS 0x0000000083f00000, 0x0000000083f00000| Untracked 
|  34|0x0000000084000000, 0x0000000084000000, 0x0000000084100000|  0%| F|  |TAMS 0x0000000084000000, 0x0000000084000000| Untracked 
|  35|0x0000000084100000, 0x0000000084100000, 0x0000000084200000|  0%| F|  |TAMS 0x0000000084100000, 0x0000000084100000| Untracked 
|  36|0x0000000084200000, 0x0000000084200000, 0x0000000084300000|  0%| F|  |TAMS 0x0000000084200000, 0x0000000084200000| Untracked 
|  37|0x0000000084300000, 0x0000000084300000, 0x0000000084400000|  0%| F|  |TAMS 0x0000000084300000, 0x0000000084300000| Untracked 
|  38|0x0000000084400000, 0x0000000084400000, 0x0000000084500000|  0%| F|  |TAMS 0x0000000084400000, 0x0000000084400000| Untracked 
|  39|0x0000000084500000, 0x0000000084500000, 0x0000000084600000|  0%| F|  |TAMS 0x0000000084500000, 0x0000000084500000| Untracked 
|  40|0x0000000084600000, 0x0000000084600000, 0x0000000084700000|  0%| F|  |TAMS 0x0000000084600000, 0x0000000084600000| Untracked 
|  41|0x0000000084700000, 0x0000000084700000, 0x0000000084800000|  0%| F|  |TAMS 0x0000000084700000, 0x0000000084700000| Untracked 
|  42|0x0000000084800000, 0x0000000084800000, 0x0000000084900000|  0%| F|  |TAMS 0x0000000084800000, 0x0000000084800000| Untracked 
|  43|0x0000000084900000, 0x0000000084900000, 0x0000000084a00000|  0%| F|  |TAMS 0x0000000084900000, 0x0000000084900000| Untracked 
|  44|0x0000000084a00000, 0x0000000084a00000, 0x0000000084b00000|  0%| F|  |TAMS 0x0000000084a00000, 0x0000000084a00000| Untracked 
|  45|0x0000000084b00000, 0x0000000084b00000, 0x0000000084c00000|  0%| F|  |TAMS 0x0000000084b00000, 0x0000000084b00000| Untracked 
|  46|0x0000000084c00000, 0x0000000084c00000, 0x0000000084d00000|  0%| F|  |TAMS 0x0000000084c00000, 0x0000000084c00000| Untracked 
|  47|0x0000000084d00000, 0x0000000084d00000, 0x0000000084e00000|  0%| F|  |TAMS 0x0000000084d00000, 0x0000000084d00000| Untracked 
|  48|0x0000000084e00000, 0x0000000084e00000, 0x0000000084f00000|  0%| F|  |TAMS 0x0000000084e00000, 0x0000000084e00000| Untracked 
|  49|0x0000000084f00000, 0x0000000084f00000, 0x0000000085000000|  0%| F|  |TAMS 0x0000000084f00000, 0x0000000084f00000| Untracked 
|  50|0x0000000085000000, 0x0000000085000000, 0x0000000085100000|  0%| F|  |TAMS 0x0000000085000000, 0x0000000085000000| Untracked 
|  51|0x0000000085100000, 0x0000000085100000, 0x0000000085200000|  0%| F|  |TAMS 0x0000000085100000, 0x0000000085100000| Untracked 
|  52|0x0000000085200000, 0x0000000085200000, 0x0000000085300000|  0%| F|  |TAMS 0x0000000085200000, 0x0000000085200000| Untracked 
|  53|0x0000000085300000, 0x0000000085300000, 0x0000000085400000|  0%| F|  |TAMS 0x0000000085300000, 0x0000000085300000| Untracked 
|  54|0x0000000085400000, 0x0000000085400000, 0x0000000085500000|  0%| F|  |TAMS 0x0000000085400000, 0x0000000085400000| Untracked 
|  55|0x0000000085500000, 0x0000000085500000, 0x0000000085600000|  0%| F|  |TAMS 0x0000000085500000, 0x0000000085500000| Untracked 
|  56|0x0000000085600000, 0x0000000085600000, 0x0000000085700000|  0%| F|  |TAMS 0x0000000085600000, 0x0000000085600000| Untracked 
|  57|0x0000000085700000, 0x0000000085700000, 0x0000000085800000|  0%| F|  |TAMS 0x0000000085700000, 0x0000000085700000| Untracked 
|  58|0x0000000085800000, 0x0000000085800000, 0x0000000085900000|  0%| F|  |TAMS 0x0000000085800000, 0x0000000085800000| Untracked 
|  59|0x0000000085900000, 0x0000000085900000, 0x0000000085a00000|  0%| F|  |TAMS 0x0000000085900000, 0x0000000085900000| Untracked 
|  60|0x0000000085a00000, 0x0000000085a00000, 0x0000000085b00000|  0%| F|  |TAMS 0x0000000085a00000, 0x0000000085a00000| Untracked 
|  61|0x0000000085b00000, 0x0000000085b00000, 0x0000000085c00000|  0%| F|  |TAMS 0x0000000085b00000, 0x0000000085b00000| Untracked 
|  62|0x0000000085c00000, 0x0000000085c00000, 0x0000000085d00000|  0%| F|  |TAMS 0x0000000085c00000, 0x0000000085c00000| Untracked 
|  63|0x0000000085d00000, 0x0000000085d00000, 0x0000000085e00000|  0%| F|  |TAMS 0x0000000085d00000, 0x0000000085d00000| Untracked 
|  64|0x0000000085e00000, 0x0000000085e00000, 0x0000000085f00000|  0%| F|  |TAMS 0x0000000085e00000, 0x0000000085e00000| Untracked 
|  65|0x0000000085f00000, 0x0000000085f00000, 0x0000000086000000|  0%| F|  |TAMS 0x0000000085f00000, 0x0000000085f00000| Untracked 
|  66|0x0000000086000000, 0x0000000086000000, 0x0000000086100000|  0%| F|  |TAMS 0x0000000086000000, 0x0000000086000000| Untracked 
|  67|0x0000000086100000, 0x0000000086100000, 0x0000000086200000|  0%| F|  |TAMS 0x0000000086100000, 0x0000000086100000| Untracked 
|  68|0x0000000086200000, 0x0000000086200000, 0x0000000086300000|  0%| F|  |TAMS 0x0000000086200000, 0x0000000086200000| Untracked 
|  69|0x0000000086300000, 0x0000000086300000, 0x0000000086400000|  0%| F|  |TAMS 0x0000000086300000, 0x0000000086300000| Untracked 
|  70|0x0000000086400000, 0x0000000086400000, 0x0000000086500000|  0%| F|  |TAMS 0x0000000086400000, 0x0000000086400000| Untracked 
|  71|0x0000000086500000, 0x0000000086500000, 0x0000000086600000|  0%| F|  |TAMS 0x0000000086500000, 0x0000000086500000| Untracked 
|  72|0x0000000086600000, 0x0000000086600000, 0x0000000086700000|  0%| F|  |TAMS 0x0000000086600000, 0x0000000086600000| Untracked 
|  73|0x0000000086700000, 0x0000000086700000, 0x0000000086800000|  0%| F|  |TAMS 0x0000000086700000, 0x0000000086700000| Untracked 
|  74|0x0000000086800000, 0x0000000086800000, 0x0000000086900000|  0%| F|  |TAMS 0x0000000086800000, 0x0000000086800000| Untracked 
|  75|0x0000000086900000, 0x0000000086900000, 0x0000000086a00000|  0%| F|  |TAMS 0x0000000086900000, 0x0000000086900000| Untracked 
|  76|0x0000000086a00000, 0x0000000086a00000, 0x0000000086b00000|  0%| F|  |TAMS 0x0000000086a00000, 0x0000000086a00000| Untracked 
|  77|0x0000000086b00000, 0x0000000086b00000, 0x0000000086c00000|  0%| F|  |TAMS 0x0000000086b00000, 0x0000000086b00000| Untracked 
|  78|0x0000000086c00000, 0x0000000086c00000, 0x0000000086d00000|  0%| F|  |TAMS 0x0000000086c00000, 0x0000000086c00000| Untracked 
|  79|0x0000000086d00000, 0x0000000086d00000, 0x0000000086e00000|  0%| F|  |TAMS 0x0000000086d00000, 0x0000000086d00000| Untracked 
|  80|0x0000000086e00000, 0x0000000086e00000, 0x0000000086f00000|  0%| F|  |TAMS 0x0000000086e00000, 0x0000000086e00000| Untracked 
|  81|0x0000000086f00000, 0x0000000086f00000, 0x0000000087000000|  0%| F|  |TAMS 0x0000000086f00000, 0x0000000086f00000| Untracked 
|  82|0x0000000087000000, 0x0000000087000000, 0x0000000087100000|  0%| F|  |TAMS 0x0000000087000000, 0x0000000087000000| Untracked 
|  83|0x0000000087100000, 0x0000000087100000, 0x0000000087200000|  0%| F|  |TAMS 0x0000000087100000, 0x0000000087100000| Untracked 
|  84|0x0000000087200000, 0x0000000087200000, 0x0000000087300000|  0%| F|  |TAMS 0x0000000087200000, 0x0000000087200000| Untracked 
|  85|0x0000000087300000, 0x0000000087300000, 0x0000000087400000|  0%| F|  |TAMS 0x0000000087300000, 0x0000000087300000| Untracked 
|  86|0x0000000087400000, 0x0000000087400000, 0x0000000087500000|  0%| F|  |TAMS 0x0000000087400000, 0x0000000087400000| Untracked 
|  87|0x0000000087500000, 0x0000000087500000, 0x0000000087600000|  0%| F|  |TAMS 0x0000000087500000, 0x0000000087500000| Untracked 
|  88|0x0000000087600000, 0x0000000087600000, 0x0000000087700000|  0%| F|  |TAMS 0x0000000087600000, 0x0000000087600000| Untracked 
|  89|0x0000000087700000, 0x0000000087700000, 0x0000000087800000|  0%| F|  |TAMS 0x0000000087700000, 0x0000000087700000| Untracked 
|  90|0x0000000087800000, 0x0000000087800000, 0x0000000087900000|  0%| F|  |TAMS 0x0000000087800000, 0x0000000087800000| Untracked 
|  91|0x0000000087900000, 0x0000000087900000, 0x0000000087a00000|  0%| F|  |TAMS 0x0000000087900000, 0x0000000087900000| Untracked 
|  92|0x0000000087a00000, 0x0000000087a00000, 0x0000000087b00000|  0%| F|  |TAMS 0x0000000087a00000, 0x0000000087a00000| Untracked 
|  93|0x0000000087b00000, 0x0000000087b00000, 0x0000000087c00000|  0%| F|  |TAMS 0x0000000087b00000, 0x0000000087b00000| Untracked 
|  94|0x0000000087c00000, 0x0000000087c00000, 0x0000000087d00000|  0%| F|  |TAMS 0x0000000087c00000, 0x0000000087c00000| Untracked 
|  95|0x0000000087d00000, 0x0000000087d00000, 0x0000000087e00000|  0%| F|  |TAMS 0x0000000087d00000, 0x0000000087d00000| Untracked 
|  96|0x0000000087e00000, 0x0000000087e00000, 0x0000000087f00000|  0%| F|  |TAMS 0x0000000087e00000, 0x0000000087e00000| Untracked 
|  97|0x0000000087f00000, 0x0000000087f00000, 0x0000000088000000|  0%| F|  |TAMS 0x0000000087f00000, 0x0000000087f00000| Untracked 
|  98|0x0000000088000000, 0x0000000088000000, 0x0000000088100000|  0%| F|  |TAMS 0x0000000088000000, 0x0000000088000000| Untracked 
|  99|0x0000000088100000, 0x0000000088100000, 0x0000000088200000|  0%| F|  |TAMS 0x0000000088100000, 0x0000000088100000| Untracked 
| 100|0x0000000088200000, 0x0000000088200000, 0x0000000088300000|  0%| F|  |TAMS 0x0000000088200000, 0x0000000088200000| Untracked 
| 101|0x0000000088300000, 0x0000000088300000, 0x0000000088400000|  0%| F|  |TAMS 0x0000000088300000, 0x0000000088300000| Untracked 
| 102|0x0000000088400000, 0x0000000088400000, 0x0000000088500000|  0%| F|  |TAMS 0x0000000088400000, 0x0000000088400000| Untracked 
| 103|0x0000000088500000, 0x0000000088500000, 0x0000000088600000|  0%| F|  |TAMS 0x0000000088500000, 0x0000000088500000| Untracked 
| 104|0x0000000088600000, 0x0000000088600000, 0x0000000088700000|  0%| F|  |TAMS 0x0000000088600000, 0x0000000088600000| Untracked 
| 105|0x0000000088700000, 0x0000000088700000, 0x0000000088800000|  0%| F|  |TAMS 0x0000000088700000, 0x0000000088700000| Untracked 
| 106|0x0000000088800000, 0x0000000088800000, 0x0000000088900000|  0%| F|  |TAMS 0x0000000088800000, 0x0000000088800000| Untracked 
| 107|0x0000000088900000, 0x0000000088900000, 0x0000000088a00000|  0%| F|  |TAMS 0x0000000088900000, 0x0000000088900000| Untracked 
| 108|0x0000000088a00000, 0x0000000088a00000, 0x0000000088b00000|  0%| F|  |TAMS 0x0000000088a00000, 0x0000000088a00000| Untracked 
| 109|0x0000000088b00000, 0x0000000088b00000, 0x0000000088c00000|  0%| F|  |TAMS 0x0000000088b00000, 0x0000000088b00000| Untracked 
| 110|0x0000000088c00000, 0x0000000088c00000, 0x0000000088d00000|  0%| F|  |TAMS 0x0000000088c00000, 0x0000000088c00000| Untracked 
| 111|0x0000000088d00000, 0x0000000088d00000, 0x0000000088e00000|  0%| F|  |TAMS 0x0000000088d00000, 0x0000000088d00000| Untracked 
| 112|0x0000000088e00000, 0x0000000088e00000, 0x0000000088f00000|  0%| F|  |TAMS 0x0000000088e00000, 0x0000000088e00000| Untracked 
| 113|0x0000000088f00000, 0x0000000088f00000, 0x0000000089000000|  0%| F|  |TAMS 0x0000000088f00000, 0x0000000088f00000| Untracked 
| 114|0x0000000089000000, 0x0000000089000000, 0x0000000089100000|  0%| F|  |TAMS 0x0000000089000000, 0x0000000089000000| Untracked 
| 115|0x0000000089100000, 0x0000000089100000, 0x0000000089200000|  0%| F|  |TAMS 0x0000000089100000, 0x0000000089100000| Untracked 
| 116|0x0000000089200000, 0x0000000089200000, 0x0000000089300000|  0%| F|  |TAMS 0x0000000089200000, 0x0000000089200000| Untracked 
| 117|0x0000000089300000, 0x0000000089300000, 0x0000000089400000|  0%| F|  |TAMS 0x0000000089300000, 0x0000000089300000| Untracked 
| 118|0x0000000089400000, 0x0000000089400000, 0x0000000089500000|  0%| F|  |TAMS 0x0000000089400000, 0x0000000089400000| Untracked 
| 119|0x0000000089500000, 0x0000000089500000, 0x0000000089600000|  0%| F|  |TAMS 0x0000000089500000, 0x0000000089500000| Untracked 
| 120|0x0000000089600000, 0x0000000089600000, 0x0000000089700000|  0%| F|  |TAMS 0x0000000089600000, 0x0000000089600000| Untracked 
| 121|0x0000000089700000, 0x000000008975f258, 0x0000000089800000| 37%| E|  |TAMS 0x0000000089700000, 0x0000000089700000| Complete 
| 122|0x0000000089800000, 0x0000000089900000, 0x0000000089900000|100%| E|CS|TAMS 0x0000000089800000, 0x0000000089800000| Complete 
| 123|0x0000000089900000, 0x0000000089a00000, 0x0000000089a00000|100%| E|CS|TAMS 0x0000000089900000, 0x0000000089900000| Complete 
| 124|0x0000000089a00000, 0x0000000089b00000, 0x0000000089b00000|100%| E|CS|TAMS 0x0000000089a00000, 0x0000000089a00000| Complete 
| 125|0x0000000089b00000, 0x0000000089c00000, 0x0000000089c00000|100%| E|CS|TAMS 0x0000000089b00000, 0x0000000089b00000| Complete 
| 126|0x0000000089c00000, 0x0000000089d00000, 0x0000000089d00000|100%| E|CS|TAMS 0x0000000089c00000, 0x0000000089c00000| Complete 
| 127|0x0000000089d00000, 0x0000000089e00000, 0x0000000089e00000|100%| E|CS|TAMS 0x0000000089d00000, 0x0000000089d00000| Complete 

Card table byte_map: [0x000001c054f60000,0x000001c055360000] _byte_map_base: 0x000001c054b51000

Marking Bits (Prev, Next): (CMBitMap*) 0x000001c03e04c3d0, (CMBitMap*) 0x000001c03e04c410
 Prev Bits: [0x000001c055760000, 0x000001c0576e8000)
 Next Bits: [0x000001c0576f0000, 0x000001c059678000)

Polling page: 0x000001c03be50000

Metaspace:

Usage:
  Non-class:      2.54 MB used.
      Class:    237.65 KB used.
       Both:      2.77 MB used.

Virtual space:
  Non-class space:       64.00 MB reserved,       2.56 MB (  4%) committed,  1 nodes.
      Class space:        1.00 GB reserved,     320.00 KB ( <1%) committed,  1 nodes.
             Both:        1.06 GB reserved,       2.88 MB ( <1%) committed. 

Chunk freelists:
   Non-Class:  11.95 MB
       Class:  15.74 MB
        Both:  27.68 MB

MaxMetaspaceSize: unlimited
CompressedClassSpaceSize: 1.00 GB
Initial GC threshold: 21.00 MB
Current GC threshold: 21.00 MB
CDS: on
MetaspaceReclaimPolicy: balanced
 - commit_granule_bytes: 65536.
 - commit_granule_words: 8192.
 - virtual_space_node_default_size: 8388608.
 - enlarge_chunks_in_place: 1.
 - new_chunks_are_fully_committed: 0.
 - uncommit_free_chunks: 1.
 - use_allocation_guard: 0.
 - handle_deallocations: 1.


Internal statistics:

num_allocs_failed_limit: 0.
num_arena_births: 12.
num_arena_deaths: 0.
num_vsnodes_births: 2.
num_vsnodes_deaths: 0.
num_space_committed: 46.
num_space_uncommitted: 0.
num_chunks_returned_to_freelist: 0.
num_chunks_taken_from_freelist: 21.
num_chunk_merges: 0.
num_chunk_splits: 11.
num_chunks_enlarged: 4.
num_inconsistent_stats: 0.

CodeHeap 'non-profiled nmethods': size=120000Kb used=127Kb max_used=127Kb free=119872Kb
 bounds [0x000001c04d630000, 0x000001c04d8a0000, 0x000001c054b60000]
CodeHeap 'profiled nmethods': size=120000Kb used=448Kb max_used=448Kb free=119551Kb
 bounds [0x000001c045b60000, 0x000001c045dd0000, 0x000001c04d090000]
CodeHeap 'non-nmethods': size=5760Kb used=1120Kb max_used=1137Kb free=4639Kb
 bounds [0x000001c04d090000, 0x000001c04d300000, 0x000001c04d630000]
 total_blobs=769 nmethods=367 adapters=315
 compilation: enabled
              stopped_count=0, restarted_count=0
 full_count=0

Compilation events (20 events):
Event: 0.541 Thread 0x000001c05bb4ade0 nmethod 361 0x000001c045bcb890 code [0x000001c045bcba40, 0x000001c045bcbc18]
Event: 0.541 Thread 0x000001c05bb4ade0  362       3       java.util.TreeSet::add (22 bytes)
Event: 0.542 Thread 0x000001c05bb4ade0 nmethod 362 0x000001c045bcbc90 code [0x000001c045bcbe40, 0x000001c045bcc088]
Event: 0.542 Thread 0x000001c0a12571a0 nmethod 339 0x000001c04d64df90 code [0x000001c04d64e120, 0x000001c04d64e258]
Event: 0.542 Thread 0x000001c05bb4ade0  363       3       java.lang.String::toLowerCase (29 bytes)
Event: 0.542 Thread 0x000001c05bb49c80 nmethod 337 0x000001c04d64e410 code [0x000001c04d64e5a0, 0x000001c04d64e818]
Event: 0.542 Thread 0x000001c05bb4ade0 nmethod 363 0x000001c045bcc190 code [0x000001c045bcc360, 0x000001c045bcc618]
Event: 0.543 Thread 0x000001c05bb4ade0  364       3       java.io.File::<init> (47 bytes)
Event: 0.543 Thread 0x000001c05bb4ade0 nmethod 364 0x000001c045bcc710 code [0x000001c045bcc900, 0x000001c045bccca8]
Event: 0.543 Thread 0x000001c05bb4ade0  365       3       java.io.WinNTFileSystem::normalize (224 bytes)
Event: 0.545 Thread 0x000001c05bb4ade0 nmethod 365 0x000001c045bcce10 code [0x000001c045bcd200, 0x000001c045bcecd8]
Event: 0.545 Thread 0x000001c05bb4ade0  366   !   3       java.util.zip.ZipFile$Source::readFullyAt (74 bytes)
Event: 0.546 Thread 0x000001c05bb4ade0 nmethod 366 0x000001c045bcf710 code [0x000001c045bcf920, 0x000001c045bcfee8]
Event: 0.546 Thread 0x000001c05bb4ade0  367       1       java.nio.Buffer::position (5 bytes)
Event: 0.546 Thread 0x000001c05bb4ade0 nmethod 367 0x000001c04d64ea10 code [0x000001c04d64eba0, 0x000001c04d64ec78]
Event: 0.546 Thread 0x000001c0a12571a0  368       4       java.lang.AbstractStringBuilder::append (77 bytes)
Event: 0.546 Thread 0x000001c05bb49c80  369       4       java.lang.StringLatin1::indexOf (36 bytes)
Event: 0.547 Thread 0x000001c05bb49c80 nmethod 369 0x000001c04d64ed10 code [0x000001c04d64eea0, 0x000001c04d64f078]
Event: 0.547 Thread 0x000001c05bb49c80  370       4       sun.nio.fs.WindowsPathParser::isSlash (18 bytes)
Event: 0.548 Thread 0x000001c05bb49c80 nmethod 370 0x000001c04d64f190 code [0x000001c04d64f300, 0x000001c04d64f378]

GC Heap History (0 events):
No events

Dll operation events (8 events):
Event: 0.024 Loaded shared library C:\Users\admin\.jdks\ms-17.0.17\bin\java.dll
Event: 0.027 Loaded shared library C:\Users\admin\.jdks\ms-17.0.17\bin\zip.dll
Event: 0.052 Loaded shared library C:\Users\admin\.jdks\ms-17.0.17\bin\jsvml.dll
Event: 0.217 Loaded shared library C:\Users\admin\.jdks\ms-17.0.17\bin\instrument.dll
Event: 0.287 Loaded shared library C:\Users\admin\.jdks\ms-17.0.17\bin\net.dll
Event: 0.291 Loaded shared library C:\Users\admin\.jdks\ms-17.0.17\bin\nio.dll
Event: 0.307 Loaded shared library C:\Users\admin\.jdks\ms-17.0.17\bin\zip.dll
Event: 0.366 Loaded shared library C:\Users\admin\.jdks\ms-17.0.17\bin\extnet.dll

Deoptimization events (10 events):
Event: 0.334 Thread 0x000001c03dff1d30 Uncommon trap: trap_request=0xffffff45 fr.pc=0x000001c04d63217c relative=0x000000000000005c
Event: 0.334 Thread 0x000001c03dff1d30 Uncommon trap: reason=unstable_if action=reinterpret pc=0x000001c04d63217c method=java.lang.String.isLatin1()Z @ 10 c2
Event: 0.334 Thread 0x000001c03dff1d30 DEOPT PACKING pc=0x000001c04d63217c sp=0x00000091954fea10
Event: 0.334 Thread 0x000001c03dff1d30 DEOPT UNPACKING pc=0x000001c04d0e69a3 sp=0x00000091954fe9a0 mode 2
Event: 0.335 Thread 0x000001c03dff1d30 Uncommon trap: trap_request=0xffffff45 fr.pc=0x000001c04d631618 relative=0x0000000000000078
Event: 0.335 Thread 0x000001c03dff1d30 Uncommon trap: reason=unstable_if action=reinterpret pc=0x000001c04d631618 method=java.lang.String.isLatin1()Z @ 10 c2
Event: 0.335 Thread 0x000001c03dff1d30 DEOPT PACKING pc=0x000001c04d631618 sp=0x00000091954ff300
Event: 0.335 Thread 0x000001c03dff1d30 DEOPT UNPACKING pc=0x000001c04d0e69a3 sp=0x00000091954ff240 mode 2
Event: 0.475 Thread 0x000001c03dff1d30 DEOPT PACKING pc=0x000001c045b693c3 sp=0x00000091954fa6e0
Event: 0.475 Thread 0x000001c03dff1d30 DEOPT UNPACKING pc=0x000001c04d0e7143 sp=0x00000091954f9b00 mode 0

Classes loaded (20 events):
Event: 0.469 Loading class jdk/internal/loader/URLClassPath$FileLoader done
Event: 0.478 Loading class java/util/Vector
Event: 0.478 Loading class java/util/Vector done
Event: 0.481 Loading class java/util/TreeSet
Event: 0.481 Loading class java/util/TreeSet done
Event: 0.482 Loading class java/util/TreeMap
Event: 0.482 Loading class java/util/TreeMap done
Event: 0.484 Loading class java/util/TreeMap$KeySet
Event: 0.485 Loading class java/util/TreeMap$KeySet done
Event: 0.485 Loading class java/util/TreeMap$KeyIterator
Event: 0.485 Loading class java/util/TreeMap$KeyIterator done
Event: 0.547 Loading class java/util/zip/DataFormatException
Event: 0.547 Loading class java/util/zip/DataFormatException done
Event: 0.547 Loading class java/security/PrivilegedActionException
Event: 0.548 Loading class java/security/PrivilegedActionException done
Event: 0.548 Loading class java/lang/Throwable$WrappedPrintStream
Event: 0.548 Loading class java/lang/Throwable$PrintStreamOrWriter
Event: 0.548 Loading class java/lang/Throwable$PrintStreamOrWriter done
Event: 0.548 Loading class java/lang/Throwable$WrappedPrintStream done
Event: 0.549 Loading class com/intellij/rt/debugger/agent/CaptureStorage$8

Classes unloaded (0 events):
No events

Classes redefined (1 events):
Event: 0.247 Thread 0x000001c05bb2bde0 redefined class name=java.lang.Throwable, count=1

Internal exceptions (4 events):
Event: 0.350 Thread 0x000001c05bf56a10 Exception <a 'java/lang/NoSuchMethodError'{0x0000000089a7f928}: 'java.lang.Object java.lang.invoke.DirectMethodHandle$Holder.invokeStaticInit(java.lang.Object)'> (0x0000000089a7f928) 
thrown [s\src\hotspot\share\interpreter\linkResolver.cpp, line 759]
Event: 0.368 Thread 0x000001c03dff1d30 Exception <a 'java/lang/NoSuchMethodError'{0x0000000089acf508}: 'void java.lang.invoke.DirectMethodHandle$Holder.invokeStatic(java.lang.Object, java.lang.Object)'> (0x0000000089acf508) 
thrown [s\src\hotspot\share\interpreter\linkResolver.cpp, line 759]
Event: 0.368 Thread 0x000001c05bf56a10 Exception <a 'java/lang/NoSuchMethodError'{0x0000000089aafdb8}: 'void java.lang.invoke.DirectMethodHandle$Holder.invokeStatic(java.lang.Object, java.lang.Object)'> (0x0000000089aafdb8) 
thrown [s\src\hotspot\share\interpreter\linkResolver.cpp, line 759]
Event: 0.547 Thread 0x000001c03dff1d30 Exception <a 'java/lang/OutOfMemoryError'{0x0000000089751418}> (0x0000000089751418) 
thrown [s\src\hotspot\share\prims\jni.cpp, line 535]

VM Operations (2 events):
Event: 0.247 Executing VM operation: RedefineClasses
Event: 0.248 Executing VM operation: RedefineClasses done

Memory protections (0 events):
No events

Nmethod flushes (0 events):
No events

Events (15 events):
Event: 0.052 Thread 0x000001c03dff1d30 Thread added: 0x000001c03dff1d30
Event: 0.056 Thread 0x000001c03dff1d30 Thread added: 0x000001c05bb303f0
Event: 0.056 Thread 0x000001c03dff1d30 Thread added: 0x000001c05bb31920
Event: 0.069 Thread 0x000001c03dff1d30 Thread added: 0x000001c05bb43a70
Event: 0.069 Thread 0x000001c03dff1d30 Thread added: 0x000001c05bb46750
Event: 0.069 Thread 0x000001c03dff1d30 Thread added: 0x000001c05bb477c0
Event: 0.069 Thread 0x000001c03dff1d30 Thread added: 0x000001c05bb48830
Event: 0.069 Thread 0x000001c03dff1d30 Thread added: 0x000001c05bb49c80
Event: 0.069 Thread 0x000001c03dff1d30 Thread added: 0x000001c05bb4ade0
Event: 0.070 Thread 0x000001c03dff1d30 Thread added: 0x000001c05bb67d40
Event: 0.191 Thread 0x000001c03dff1d30 Thread added: 0x000001c05bc59d80
Event: 0.249 Thread 0x000001c03dff1d30 Thread added: 0x000001c05bd37140
Event: 0.331 Thread 0x000001c03dff1d30 Thread added: 0x000001c05bf56a10
Event: 0.332 Thread 0x000001c03dff1d30 Thread added: 0x000001c05bf5bca0
Event: 0.536 Thread 0x000001c05bb4ade0 Thread added: 0x000001c0a12571a0


Dynamic libraries:
0x00007ff6e1f80000 - 0x00007ff6e1f8e000 	C:\Users\admin\.jdks\ms-17.0.17\bin\java.exe
0x00007ffd81250000 - 0x00007ffd81448000 	C:\Windows\SYSTEM32\ntdll.dll
0x00007ffd7f270000 - 0x00007ffd7f332000 	C:\Windows\System32\KERNEL32.DLL
0x00007ffd7e910000 - 0x00007ffd7ec06000 	C:\Windows\System32\KERNELBASE.dll
0x00007ffd7ec10000 - 0x00007ffd7ed10000 	C:\Windows\System32\ucrtbase.dll
0x00007ffd686b0000 - 0x00007ffd686ce000 	C:\Users\admin\.jdks\ms-17.0.17\bin\VCRUNTIME140.dll
0x00007ffd775a0000 - 0x00007ffd775b8000 	C:\Users\admin\.jdks\ms-17.0.17\bin\jli.dll
0x00007ffd80ab0000 - 0x00007ffd80c51000 	C:\Windows\System32\USER32.dll
0x00007ffd67b60000 - 0x00007ffd67dfb000 	C:\Windows\WinSxS\amd64_microsoft.windows.common-controls_6595b64144ccf1df_6.0.19041.6456_none_60b8a6cb71f64256\COMCTL32.dll
0x00007ffd7f240000 - 0x00007ffd7f262000 	C:\Windows\System32\win32u.dll
0x00007ffd7fb10000 - 0x00007ffd7fbae000 	C:\Windows\System32\msvcrt.dll
0x00007ffd80930000 - 0x00007ffd8095b000 	C:\Windows\System32\GDI32.dll
0x00007ffd7efb0000 - 0x00007ffd7f0c9000 	C:\Windows\System32\gdi32full.dll
0x00007ffd7f120000 - 0x00007ffd7f1bd000 	C:\Windows\System32\msvcp_win.dll
0x00007ffd7fd30000 - 0x00007ffd7fd5f000 	C:\Windows\System32\IMM32.DLL
0x00007ffd7a520000 - 0x00007ffd7a52c000 	C:\Users\admin\.jdks\ms-17.0.17\bin\vcruntime140_1.dll
0x00007ffd67770000 - 0x00007ffd677f9000 	C:\Users\admin\.jdks\ms-17.0.17\bin\msvcp140.dll
0x00007ffcfbc90000 - 0x00007ffcfc90a000 	C:\Users\admin\.jdks\ms-17.0.17\bin\server\jvm.dll
0x00007ffd80870000 - 0x00007ffd80921000 	C:\Windows\System32\ADVAPI32.dll
0x00007ffd80060000 - 0x00007ffd800ff000 	C:\Windows\System32\sechost.dll
0x00007ffd7fc10000 - 0x00007ffd7fd30000 	C:\Windows\System32\RPCRT4.dll
0x00007ffd7e8e0000 - 0x00007ffd7e907000 	C:\Windows\System32\bcrypt.dll
0x00007ffd80960000 - 0x00007ffd809cb000 	C:\Windows\System32\WS2_32.dll
0x00007ffd79cc0000 - 0x00007ffd79cca000 	C:\Windows\SYSTEM32\VERSION.dll
0x00007ffd67ed0000 - 0x00007ffd67ef7000 	C:\Windows\SYSTEM32\WINMM.dll
0x00007ffd7e740000 - 0x00007ffd7e78b000 	C:\Windows\SYSTEM32\POWRPROF.dll
0x00007ffd7e720000 - 0x00007ffd7e732000 	C:\Windows\SYSTEM32\UMPDC.dll
0x00007ffd7d0b0000 - 0x00007ffd7d0c2000 	C:\Windows\SYSTEM32\kernel.appcore.dll
0x00007ffd7a500000 - 0x00007ffd7a50a000 	C:\Users\admin\.jdks\ms-17.0.17\bin\jimage.dll
0x00007ffd7c5d0000 - 0x00007ffd7c7d1000 	C:\Windows\SYSTEM32\DBGHELP.DLL
0x00007ffd642e0000 - 0x00007ffd64314000 	C:\Windows\SYSTEM32\dbgcore.DLL
0x00007ffd7ef20000 - 0x00007ffd7efa2000 	C:\Windows\System32\bcryptPrimitives.dll
0x00007ffd76170000 - 0x00007ffd7617f000 	C:\Users\admin\.jdks\ms-17.0.17\bin\instrument.dll
0x00007ffd683c0000 - 0x00007ffd683e6000 	C:\Users\admin\.jdks\ms-17.0.17\bin\java.dll
0x00007ffd68380000 - 0x00007ffd68398000 	C:\Users\admin\.jdks\ms-17.0.17\bin\zip.dll
0x00007ffd673d0000 - 0x00007ffd674a6000 	C:\Users\admin\.jdks\ms-17.0.17\bin\jsvml.dll
0x00007ffd7f3a0000 - 0x00007ffd7fb10000 	C:\Windows\System32\SHELL32.dll
0x00007ffd7c7e0000 - 0x00007ffd7cf85000 	C:\Windows\SYSTEM32\windows.storage.dll
0x00007ffd803a0000 - 0x00007ffd806f4000 	C:\Windows\System32\combase.dll
0x00007ffd7e150000 - 0x00007ffd7e17b000 	C:\Windows\SYSTEM32\Wldp.dll
0x00007ffd7ff80000 - 0x00007ffd8004d000 	C:\Windows\System32\OLEAUT32.dll
0x00007ffd80100000 - 0x00007ffd801ad000 	C:\Windows\System32\SHCORE.dll
0x00007ffd7fbb0000 - 0x00007ffd7fc0b000 	C:\Windows\System32\shlwapi.dll
0x00007ffd7e810000 - 0x00007ffd7e834000 	C:\Windows\SYSTEM32\profapi.dll
0x00007ffd684a0000 - 0x00007ffd684bb000 	C:\Users\admin\.jdks\ms-17.0.17\bin\net.dll
0x00007ffd794a0000 - 0x00007ffd795aa000 	C:\Windows\SYSTEM32\WINHTTP.dll
0x00007ffd7df30000 - 0x00007ffd7df9a000 	C:\Windows\system32\mswsock.dll
0x00007ffd683a0000 - 0x00007ffd683b6000 	C:\Users\admin\.jdks\ms-17.0.17\bin\nio.dll
0x00007ffd74480000 - 0x00007ffd74489000 	C:\Users\admin\.jdks\ms-17.0.17\bin\extnet.dll

dbghelp: loaded successfully - version: 4.0.5 - missing functions: none
symbol engine: initialized successfully - sym options: 0x614 - pdb path: .;C:\Users\admin\.jdks\ms-17.0.17\bin;C:\Windows\SYSTEM32;C:\Windows\WinSxS\amd64_microsoft.windows.common-controls_6595b64144ccf1df_6.0.19041.6456_none_60b8a6cb71f64256;C:\Users\admin\.jdks\ms-17.0.17\bin\server

VM Arguments:
jvm_args: -javaagent:C:\Users\admin\AppData\Local\JetBrains\IntelliJIdea2025.2\captureAgent\debugger-agent.jar=file:///C:/Users/admin/AppData/Local/Temp/capture15972790709591385068.props -ea -Didea.test.cyclic.buffer.size=1048576 -javaagent:C:\Users\admin\Desktop\new intellij\IntelliJ IDEA 2025.2.2\lib\idea_rt.jar=63868 -Dkotlinx.coroutines.debug.enable.creation.stack.trace=false -Ddebugger.agent.enable.coroutines=true -Dkotlinx.coroutines.debug.enable.flows.stack.trace=true -Dkotlinx.coroutines.debug.enable.mutable.state.flows.stack.trace=true -Dfile.encoding=UTF-8 
java_command: com.intellij.rt.junit.JUnitStarter -ideVersion5 -junit5 @w@C:\Users\admin\AppData\Local\Temp\idea_working_dirs_junit.tmp @C:\Users\admin\AppData\Local\Temp\idea_junit.tmp -socket63867
java_class_path (initial): C:\Users\admin\.m2\repository\org\junit\platform\junit-platform-launcher\6.0.2\junit-platform-launcher-6.0.2.jar;C:\Users\admin\Desktop\new intellij\IntelliJ IDEA 2025.2.2\lib\idea_rt.jar;C:\Users\admin\Desktop\new intellij\IntelliJ IDEA 2025.2.2\plugins\junit\lib\junit5-rt.jar;C:\Users\admin\Desktop\new intellij\IntelliJ IDEA 2025.2.2\plugins\junit\lib\junit-rt.jar;C:\Users\admin\Desktop\travel-planner\target\test-classes;C:\Users\admin\Desktop\travel-planner\target\classes;C:\Users\admin\.m2\repository\org\springframework\boot\spring-boot-starter-webmvc\4.0.2\spring-boot-starter-webmvc-4.0.2.jar;C:\Users\admin\.m2\repository\org\springframework\boot\spring-boot-starter\4.0.2\spring-boot-starter-4.0.2.jar;C:\Users\admin\.m2\repository\org\springframework\boot\spring-boot-starter-logging\4.0.2\spring-boot-starter-logging-4.0.2.jar;C:\Users\admin\.m2\repository\ch\qos\logback\logback-classic\1.5.25\logback-classic-1.5.25.jar;C:\Users\admin\.m2\repository\ch\qos\logback\logback-core\1.5.25\logback-core-1.5.25.jar;C:\Users\admin\.m2\repository\org\apache\logging\log4j\log4j-to-slf4j\2.25.3\log4j-to-slf4j-2.25.3.jar;C:\Users\admin\.m2\repository\org\apache\logging\log4j\log4j-api\2.25.3\log4j-api-2.25.3.jar;C:\Users\admin\.m2\repository\org\slf4j\jul-to-slf4j\2.0.17\jul-to-slf4j-2.0.17.jar;C:\Users\admin\.m2\repository\org\springframework\boot\spring-boot-autoconfigure\4.0.2\spring-boot-autoconfigure-4.0.2.jar;C:\Users\admin\.m2\repository\jakarta\annotation\jakarta.annotation-api\3.0.0\jakarta.annotation-api-3.0.0.jar;C:\Users\admin\.m2\repository\org\yaml\snakeyaml\2.5\snakeyaml-2.5.jar;C:\Users\admin\.m2\repository\org\springframework\boot\spring-boot-starter-jackson\4.0.2\spring-boot-starter-jackson-4.0.2.jar;C:\Users\admin\.m2\repository\org\springframework\boot\spring-boot-jackson\4.0.2\spring-boot-jackson-4.0.2.jar;C:\Users\admin\.m2\repository\tools\jackson\core\jackson-databind\3.0.4\jackson-databind-3.0.4.jar;C:\Users\admin\.m2\rep
Launcher Type: SUN_STANDARD

[Global flags]
     intx CICompilerCount                          = 3                                         {product} {ergonomic}
     uint ConcGCThreads                            = 1                                         {product} {ergonomic}
     uint G1ConcRefinementThreads                  = 4                                         {product} {ergonomic}
   size_t G1HeapRegionSize                         = 1048576                                   {product} {ergonomic}
    uintx GCDrainStackTargetSize                   = 64                                        {product} {ergonomic}
   size_t InitialHeapSize                          = 134217728                                 {product} {ergonomic}
   size_t MarkStackSize                            = 4194304                                   {product} {ergonomic}
   size_t MaxHeapSize                              = 2116026368                                {product} {ergonomic}
   size_t MaxNewSize                               = 1268776960                                {product} {ergonomic}
   size_t MinHeapDeltaBytes                        = 1048576                                   {product} {ergonomic}
   size_t MinHeapSize                              = 8388608                                   {product} {ergonomic}
    uintx NonNMethodCodeHeapSize                   = 5832780                                {pd product} {ergonomic}
    uintx NonProfiledCodeHeapSize                  = 122912730                              {pd product} {ergonomic}
    uintx ProfiledCodeHeapSize                     = 122912730                              {pd product} {ergonomic}
    uintx ReservedCodeCacheSize                    = 251658240                              {pd product} {ergonomic}
     bool SegmentedCodeCache                       = true                                      {product} {ergonomic}
   size_t SoftMaxHeapSize                          = 2116026368                             {manageable} {ergonomic}
     bool UseCompressedClassPointers               = true                           {product lp64_product} {ergonomic}
     bool UseCompressedOops                        = true                           {product lp64_product} {ergonomic}
     bool UseG1GC                                  = true                                      {product} {ergonomic}
     bool UseLargePagesIndividualAllocation        = false                                  {pd product} {ergonomic}

Logging:
Log output configuration:
 #0: stdout all=warning uptime,level,tags
 #1: stderr all=off uptime,level,tags

Environment Variables:
JAVA_HOME=C:\Program Files\Java\jdk-17\jdk-17
PATH=C:\Program Files\Java\jdk-17\bin;C:\Windows\system32;C:\Windows;C:\Windows\System32\Wbem;C:\Windows\System32\WindowsPowerShell\v1.0\;C:\Windows\System32\OpenSSH\;C:\ProgramData\chocolatey\bin;C:\Program Files\dotnet\;C:\Users\admin\Desktop\Apache\apache-maven-3.9.12\bin;C:\Program Files\Java\jdk-17\jdk-17\bin;C:\Program Files\Git\cmd;C:\Program Files\nodejs\;C:\Program Files\Redis\;C:\Users\admin\AppData\Local\Programs\Python\Python313\Scripts\;C:\Users\admin\AppData\Local\Programs\Python\Python313\;C:\Users\admin\AppData\Local\Microsoft\WindowsApps;C:\Users\admin\AppData\Local\Programs\Microsoft VS Code\bin;C:\Users\admin\AppData\Roaming\npm;C:\Users\admin\Desktop\Antigravity\bin
USERNAME=admin
OS=Windows_NT
PROCESSOR_IDENTIFIER=Intel64 Family 6 Model 142 Stepping 9, GenuineIntel
TMP=C:\Users\admin\AppData\Local\Temp
TEMP=C:\Users\admin\AppData\Local\Temp



Periodic native trim disabled


---------------  S Y S T E M  ---------------

OS:
 Windows 10 , 64 bit Build 19041 (10.0.19041.5915)
OS uptime: 4 days 0:41 hours
Hyper-V role detected

CPU: total 4 (initial active 4) (2 cores per cpu, 2 threads per core) family 6 model 142 stepping 9 microcode 0xf4, cx8, cmov, fxsr, ht, mmx, 3dnowpref, sse, sse2, sse3, ssse3, sse4.1, sse4.2, popcnt, lzcnt, tsc, tscinvbit, avx, avx2, aes, erms, clmul, bmi1, bmi2, rtm, adx, fma, vzeroupper, clflush, clflushopt, hv
Processor Information for the first 4 processors :
  Max Mhz: 2712, Current Mhz: 2611, Mhz Limit: 2603

Memory: 4k page, system-wide physical 8070M (988M free)
TotalPageFile size 24320M (AvailPageFile size 1M)
current process WorkingSet (physical memory assigned to process): 48M, peak: 48M
current process commit charge ("private bytes"): 209M, peak: 209M

vm_info: OpenJDK 64-Bit Server VM (17.0.17+10-LTS) for windows-amd64 JRE (17.0.17+10-LTS), built on Oct 13 2025 22:19:56 by "MicrosoftCorporation" with unknown MS VC++:1944

END.
